<?xml version="1.0" encoding="UTF-8"?>
<!-- Generated by org.testng.reporters.JUnitReportReporter -->
<testsuite hostname="wssys069.webspiders.com" name="scenarios.AppiumTest" tests="1" failures="0" timestamp="22 Dec 2017 10:15:27 GMT" time="19.405" errors="0">
  <testcase name="validLoginTest" time="19.405" classname="scenarios.AppiumTest"/>
</testsuite> <!-- scenarios.AppiumTest -->
