<?xml version="1.0" encoding="UTF-8"?>
<!-- Generated by org.testng.reporters.JUnitReportReporter -->
<testsuite hostname="wssys069.webspiders.com" name="com.TestCases.IDBTestCaes" tests="3" failures="0" timestamp="22 Dec 2017 11:37:49 GMT" time="97.970" errors="0">
  <testcase name="validLoginTest" time="19.471" classname="com.TestCases.IDBTestCaes"/>
  <testcase name="createAccountTest" time="53.984" classname="com.TestCases.IDBTestCaes"/>
  <testcase name="inValidLoginTest" time="24.515" classname="com.TestCases.IDBTestCaes"/>
</testsuite> <!-- com.TestCases.IDBTestCaes -->
