<?xml version="1.0" encoding="UTF-8"?>
<!-- Generated by org.testng.reporters.JUnitReportReporter -->
<testsuite hostname="wssys069.webspiders.com" name="com.Utils.AppiumTest" tests="2" failures="0" timestamp="22 Dec 2017 10:22:26 GMT" time="44.518" errors="0">
  <testcase name="validLoginTest" time="19.807" classname="com.Utils.AppiumTest"/>
  <testcase name="inValidLoginTest" time="24.711" classname="com.Utils.AppiumTest"/>
</testsuite> <!-- com.Utils.AppiumTest -->
